Unable to capture context for thread 6624 in process 2884, can not generate back trace
Exception at PC 0x00007FFA99C0BB93
Printing stacktrace...

Unable to capture context for thread 6624 in process 2884, can not generate back trace
Exception at PC 0x00007FFADFF94F69
Exception at PC 0x00007FFADFF94F69
Exception at PC 0x00007FFADFF94F69
Exception at PC 0x00007FFADFF94F69
Exception at PC 0x00007FFADFF94F69
Exception at PC 0x00007FFADFF94F69
Exception at PC 0x00007FFADFF94F69
Exception at PC 0x00007FFADFF94F69
Exception at PC 0x00007FFADFF94F69
Exception at PC 0x00007FFADFF94F69
Exception at PC 0x00007FFADFF94F69
[0]  [0x00007FFA99C0BB93]
[1]  [0x00007FFA99C0BB93]
[2]  [0x00007FFA99C0B4A1]
[3]  [0x00007FFA99C0B3EF]
[4]  [0x00007FFA99BF19FE]
[5]  [0x00007FFA99BF0ED1]
[6]  [0x00007FFA99BF0D76]
[7]  [0x00007FFA99B979F6]
[8]  [0x00007FFA99B87AFB]
[9]  [0x00007FFA99CAE90A]
[10]  [0x00007FFA99CC9F87]
[11]  [0x00007FFA99CCA05F]
[12] (BaseThreadInitThunk+0x14) [0x00007FFAE1427034]
[13] (RtlUserThreadStart+0x21) [0x00007FFAE2302651]
Done
Exception at PC 0x00007FFADFF94F69
Exception at PC 0x00007FFADFF94F69
Exception at PC 0x00007FFADFF94F69
Exception at PC 0x00007FFADFF94F69
Exception at PC 0x00007FFADFF94F69
Exception at PC 0x00007FFADFF94F69
Exception at PC 0x00007FFADFF94F69
